{"/Users/kirill/dev/chat/client/src/components/Divider/Divider.tsx": {"path":"/Users/kirill/dev/chat/client/src/components/Divider/Divider.tsx","statementMap":{"0":{"start":{"line":1,"column":0},"end":{"line":1,"column":41}},"1":{"start":{"line":3,"column":23},"end":{"line":5,"column":1}},"2":{"start":{"line":4,"column":2},"end":{"line":4,"column":49}},"3":{"start":{"line":3,"column":13},"end":{"line":3,"column":23}}},"fnMap":{"0":{"name":"(anonymous_0)","decl":{"start":{"line":3,"column":23},"end":{"line":3,"column":24}},"loc":{"start":{"line":3,"column":66},"end":{"line":5,"column":1}}}},"branchMap":{},"s":{"0":1,"1":1,"2":2,"3":1},"f":{"0":2},"b":{}}
,"/Users/kirill/dev/chat/client/src/components/Divider/styled.ts": {"path":"/Users/kirill/dev/chat/client/src/components/Divider/styled.ts","statementMap":{"0":{"start":{"line":1,"column":0},"end":{"line":1,"column":39}},"1":{"start":{"line":3,"column":13},"end":{"line":8,"column":2}},"2":{"start":{"line":4,"column":39},"end":{"line":4,"column":67}}},"fnMap":{"0":{"name":"(anonymous_0)","decl":{"start":{"line":4,"column":11},"end":{"line":4,"column":12}},"loc":{"start":{"line":4,"column":39},"end":{"line":4,"column":67}}}},"branchMap":{"0":{"loc":{"start":{"line":4,"column":14},"end":{"line":4,"column":31}},"type":"default-arg","locations":[{"start":{"line":4,"column":26},"end":{"line":4,"column":31}}]},"1":{"loc":{"start":{"line":4,"column":39},"end":{"line":4,"column":67}},"type":"cond-expr","locations":[{"start":{"line":4,"column":51},"end":{"line":4,"column":57}},{"start":{"line":4,"column":60},"end":{"line":4,"column":67}}]}},"s":{"0":1,"1":1,"2":2},"f":{"0":2},"b":{"0":[2],"1":[0,2]}}
,"/Users/kirill/dev/chat/client/src/components/Menu/Menu.tsx": {"path":"/Users/kirill/dev/chat/client/src/components/Menu/Menu.tsx","statementMap":{"0":{"start":{"line":1,"column":0},"end":{"line":1,"column":29}},"1":{"start":{"line":3,"column":0},"end":{"line":3,"column":46}},"2":{"start":{"line":4,"column":0},"end":{"line":4,"column":39}},"3":{"start":{"line":12,"column":13},"end":{"line":22,"column":3}},"4":{"start":{"line":13,"column":2},"end":{"line":21,"column":4}},"5":{"start":{"line":16,"column":8},"end":{"line":16,"column":null}}},"fnMap":{"0":{"name":"(anonymous_0)","decl":{"start":{"line":12,"column":25},"end":{"line":12,"column":26}},"loc":{"start":{"line":12,"column":62},"end":{"line":22,"column":1}}},"1":{"name":"(anonymous_1)","decl":{"start":{"line":15,"column":18},"end":{"line":15,"column":19}},"loc":{"start":{"line":16,"column":8},"end":{"line":16,"column":null}}}},"branchMap":{},"s":{"0":1,"1":1,"2":1,"3":1,"4":1,"5":3},"f":{"0":1,"1":3},"b":{}}
,"/Users/kirill/dev/chat/client/src/components/Menu/MenuChildren.tsx": {"path":"/Users/kirill/dev/chat/client/src/components/Menu/MenuChildren.tsx","statementMap":{"0":{"start":{"line":2,"column":0},"end":{"line":2,"column":null}},"1":{"start":{"line":8,"column":28},"end":{"line":15,"column":1}},"2":{"start":{"line":9,"column":2},"end":{"line":14,"column":4}},"3":{"start":{"line":8,"column":13},"end":{"line":8,"column":28}}},"fnMap":{"0":{"name":"(anonymous_0)","decl":{"start":{"line":8,"column":28},"end":{"line":8,"column":29}},"loc":{"start":{"line":8,"column":68},"end":{"line":15,"column":1}}}},"branchMap":{},"s":{"0":1,"1":1,"2":3,"3":1},"f":{"0":3},"b":{}}
,"/Users/kirill/dev/chat/client/src/components/Menu/styled.ts": {"path":"/Users/kirill/dev/chat/client/src/components/Menu/styled.ts","statementMap":{"0":{"start":{"line":1,"column":0},"end":{"line":1,"column":39}},"1":{"start":{"line":4,"column":13},"end":{"line":19,"column":2}},"2":{"start":{"line":14,"column":32},"end":{"line":14,"column":66}},"3":{"start":{"line":15,"column":29},"end":{"line":15,"column":69}},"4":{"start":{"line":16,"column":31},"end":{"line":16,"column":71}},"5":{"start":{"line":21,"column":13},"end":{"line":26,"column":2}},"6":{"start":{"line":28,"column":13},"end":{"line":32,"column":2}},"7":{"start":{"line":34,"column":13},"end":{"line":41,"column":2}},"8":{"start":{"line":43,"column":13},"end":{"line":54,"column":2}}},"fnMap":{"0":{"name":"(anonymous_0)","decl":{"start":{"line":14,"column":12},"end":{"line":14,"column":13}},"loc":{"start":{"line":14,"column":32},"end":{"line":14,"column":66}}},"1":{"name":"(anonymous_1)","decl":{"start":{"line":15,"column":9},"end":{"line":15,"column":10}},"loc":{"start":{"line":15,"column":29},"end":{"line":15,"column":69}}},"2":{"name":"(anonymous_2)","decl":{"start":{"line":16,"column":11},"end":{"line":16,"column":12}},"loc":{"start":{"line":16,"column":31},"end":{"line":16,"column":71}}}},"branchMap":{"0":{"loc":{"start":{"line":14,"column":32},"end":{"line":14,"column":66}},"type":"cond-expr","locations":[{"start":{"line":14,"column":54},"end":{"line":14,"column":60}},{"start":{"line":14,"column":63},"end":{"line":14,"column":66}}]},"1":{"loc":{"start":{"line":15,"column":29},"end":{"line":15,"column":69}},"type":"cond-expr","locations":[{"start":{"line":15,"column":54},"end":{"line":15,"column":60}},{"start":{"line":15,"column":63},"end":{"line":15,"column":69}}]},"2":{"loc":{"start":{"line":16,"column":31},"end":{"line":16,"column":71}},"type":"cond-expr","locations":[{"start":{"line":16,"column":56},"end":{"line":16,"column":62}},{"start":{"line":16,"column":65},"end":{"line":16,"column":71}}]}},"s":{"0":1,"1":1,"2":1,"3":1,"4":1,"5":1,"6":1,"7":1,"8":1},"f":{"0":1,"1":1,"2":1},"b":{"0":[1,0],"1":[0,1],"2":[1,0]}}
,"/Users/kirill/dev/chat/client/src/components/Modal/Modal.tsx": {"path":"/Users/kirill/dev/chat/client/src/components/Modal/Modal.tsx","statementMap":{"0":{"start":{"line":1,"column":0},"end":{"line":1,"column":42}},"1":{"start":{"line":2,"column":0},"end":{"line":2,"column":null}},"2":{"start":{"line":22,"column":13},"end":{"line":46,"column":3}},"3":{"start":{"line":32,"column":6},"end":{"line":32,"column":11}},"4":{"start":{"line":34,"column":2},"end":{"line":45,"column":4}}},"fnMap":{"0":{"name":"(anonymous_0)","decl":{"start":{"line":22,"column":60},"end":{"line":22,"column":61}},"loc":{"start":{"line":22,"column":75},"end":{"line":46,"column":1}}}},"branchMap":{"0":{"loc":{"start":{"line":37,"column":21},"end":{"line":37,"column":57}},"type":"cond-expr","locations":[{"start":{"line":37,"column":31},"end":{"line":37,"column":45}},{"start":{"line":37,"column":48},"end":{"line":37,"column":57}}]},"1":{"loc":{"start":{"line":42,"column":9},"end":{"line":42,"column":67}},"type":"binary-expr","locations":[{"start":{"line":42,"column":9},"end":{"line":42,"column":22}},{"start":{"line":42,"column":26},"end":{"line":42,"column":67}}]}},"s":{"0":1,"1":1,"2":1,"3":1,"4":1},"f":{"0":1},"b":{"0":[0,1],"1":[1,0]}}
,"/Users/kirill/dev/chat/client/src/components/Modal/styled.ts": {"path":"/Users/kirill/dev/chat/client/src/components/Modal/styled.ts","statementMap":{"0":{"start":{"line":1,"column":0},"end":{"line":1,"column":39}},"1":{"start":{"line":3,"column":13},"end":{"line":17,"column":2}},"2":{"start":{"line":19,"column":13},"end":{"line":31,"column":2}},"3":{"start":{"line":33,"column":13},"end":{"line":40,"column":2}},"4":{"start":{"line":42,"column":13},"end":{"line":53,"column":2}},"5":{"start":{"line":55,"column":13},"end":{"line":63,"column":2}},"6":{"start":{"line":65,"column":13},"end":{"line":67,"column":2}}},"fnMap":{},"branchMap":{},"s":{"0":1,"1":1,"2":1,"3":1,"4":1,"5":1,"6":1},"f":{},"b":{}}
,"/Users/kirill/dev/chat/client/src/components/Search/Search.tsx": {"path":"/Users/kirill/dev/chat/client/src/components/Search/Search.tsx","statementMap":{"0":{"start":{"line":1,"column":0},"end":{"line":1,"column":33}},"1":{"start":{"line":2,"column":0},"end":{"line":2,"column":null}},"2":{"start":{"line":15,"column":22},"end":{"line":40,"column":1}},"3":{"start":{"line":20,"column":36},"end":{"line":20,"column":51}},"4":{"start":{"line":22,"column":2},"end":{"line":39,"column":4}},"5":{"start":{"line":34,"column":23},"end":{"line":34,"column":41}},"6":{"start":{"line":35,"column":22},"end":{"line":35,"column":41}},"7":{"start":{"line":15,"column":13},"end":{"line":15,"column":22}}},"fnMap":{"0":{"name":"(anonymous_0)","decl":{"start":{"line":15,"column":22},"end":{"line":15,"column":23}},"loc":{"start":{"line":19,"column":18},"end":{"line":40,"column":1}}},"1":{"name":"(anonymous_1)","decl":{"start":{"line":34,"column":17},"end":{"line":34,"column":20}},"loc":{"start":{"line":34,"column":23},"end":{"line":34,"column":41}}},"2":{"name":"(anonymous_2)","decl":{"start":{"line":35,"column":16},"end":{"line":35,"column":19}},"loc":{"start":{"line":35,"column":22},"end":{"line":35,"column":41}}}},"branchMap":{"0":{"loc":{"start":{"line":18,"column":2},"end":{"line":18,"column":17}},"type":"default-arg","locations":[{"start":{"line":18,"column":13},"end":{"line":18,"column":17}}]},"1":{"loc":{"start":{"line":24,"column":7},"end":{"line":29,"column":null}},"type":"binary-expr","locations":[{"start":{"line":24,"column":7},"end":{"line":24,"column":15}},{"start":{"line":25,"column":8},"end":{"line":28,"column":null}}]}},"s":{"0":2,"1":2,"2":2,"3":5,"4":5,"5":0,"6":0,"7":2},"f":{"0":5,"1":0,"2":0},"b":{"0":[2],"1":[5,2]}}
,"/Users/kirill/dev/chat/client/src/components/Search/styled.ts": {"path":"/Users/kirill/dev/chat/client/src/components/Search/styled.ts","statementMap":{"0":{"start":{"line":1,"column":0},"end":{"line":1,"column":56}},"1":{"start":{"line":2,"column":0},"end":{"line":2,"column":39}},"2":{"start":{"line":6,"column":13},"end":{"line":11,"column":2}},"3":{"start":{"line":13,"column":13},"end":{"line":25,"column":2}},"4":{"start":{"line":16,"column":22},"end":{"line":16,"column":55}},"5":{"start":{"line":19,"column":4},"end":{"line":19,"column":67}},"6":{"start":{"line":27,"column":13},"end":{"line":73,"column":2}},"7":{"start":{"line":33,"column":4},"end":{"line":37,"column":16}},"8":{"start":{"line":38,"column":40},"end":{"line":38,"column":74}}},"fnMap":{"0":{"name":"(anonymous_0)","decl":{"start":{"line":16,"column":10},"end":{"line":16,"column":11}},"loc":{"start":{"line":16,"column":22},"end":{"line":16,"column":55}}},"1":{"name":"(anonymous_1)","decl":{"start":{"line":18,"column":15},"end":{"line":18,"column":16}},"loc":{"start":{"line":19,"column":4},"end":{"line":19,"column":67}}},"2":{"name":"(anonymous_2)","decl":{"start":{"line":32,"column":19},"end":{"line":32,"column":20}},"loc":{"start":{"line":33,"column":4},"end":{"line":37,"column":16}}},"3":{"name":"(anonymous_3)","decl":{"start":{"line":38,"column":28},"end":{"line":38,"column":29}},"loc":{"start":{"line":38,"column":40},"end":{"line":38,"column":74}}}},"branchMap":{"0":{"loc":{"start":{"line":16,"column":22},"end":{"line":16,"column":55}},"type":"cond-expr","locations":[{"start":{"line":16,"column":41},"end":{"line":16,"column":47}},{"start":{"line":16,"column":50},"end":{"line":16,"column":55}}]},"1":{"loc":{"start":{"line":19,"column":4},"end":{"line":19,"column":67}},"type":"cond-expr","locations":[{"start":{"line":19,"column":23},"end":{"line":19,"column":41}},{"start":{"line":19,"column":44},"end":{"line":19,"column":67}}]},"2":{"loc":{"start":{"line":33,"column":4},"end":{"line":37,"column":16}},"type":"cond-expr","locations":[{"start":{"line":34,"column":8},"end":{"line":34,"column":13}},{"start":{"line":35,"column":8},"end":{"line":37,"column":16}}]},"3":{"loc":{"start":{"line":33,"column":4},"end":{"line":33,"column":40}},"type":"binary-expr","locations":[{"start":{"line":33,"column":4},"end":{"line":33,"column":16}},{"start":{"line":33,"column":20},"end":{"line":33,"column":40}}]},"4":{"loc":{"start":{"line":35,"column":8},"end":{"line":37,"column":16}},"type":"cond-expr","locations":[{"start":{"line":36,"column":10},"end":{"line":36,"column":16}},{"start":{"line":37,"column":10},"end":{"line":37,"column":16}}]},"5":{"loc":{"start":{"line":38,"column":40},"end":{"line":38,"column":74}},"type":"cond-expr","locations":[{"start":{"line":38,"column":59},"end":{"line":38,"column":65}},{"start":{"line":38,"column":68},"end":{"line":38,"column":74}}]}},"s":{"0":2,"1":2,"2":2,"3":2,"4":2,"5":2,"6":2,"7":5,"8":5},"f":{"0":2,"1":2,"2":5,"3":5},"b":{"0":[0,2],"1":[0,2],"2":[3,2],"3":[5,5],"4":[2,0],"5":[0,5]}}
,"/Users/kirill/dev/chat/client/src/hooks/useDialog.tsx": {"path":"/Users/kirill/dev/chat/client/src/hooks/useDialog.tsx","statementMap":{"0":{"start":{"line":1,"column":0},"end":{"line":1,"column":65}},"1":{"start":{"line":3,"column":25},"end":{"line":50,"column":1}},"2":{"start":{"line":4,"column":42},"end":{"line":4,"column":57}},"3":{"start":{"line":5,"column":18},"end":{"line":5,"column":46}},"4":{"start":{"line":7,"column":22},"end":{"line":9,"column":8}},"5":{"start":{"line":8,"column":4},"end":{"line":8,"column":27}},"6":{"start":{"line":11,"column":29},"end":{"line":17,"column":null}},"7":{"start":{"line":13,"column":6},"end":{"line":15,"column":7}},"8":{"start":{"line":14,"column":8},"end":{"line":14,"column":22}},"9":{"start":{"line":20,"column":24},"end":{"line":26,"column":null}},"10":{"start":{"line":22,"column":6},"end":{"line":24,"column":7}},"11":{"start":{"line":23,"column":8},"end":{"line":23,"column":22}},"12":{"start":{"line":29,"column":2},"end":{"line":42,"column":56}},"13":{"start":{"line":30,"column":4},"end":{"line":36,"column":5}},"14":{"start":{"line":31,"column":6},"end":{"line":31,"column":65}},"15":{"start":{"line":32,"column":6},"end":{"line":32,"column":58}},"16":{"start":{"line":34,"column":6},"end":{"line":34,"column":68}},"17":{"start":{"line":35,"column":6},"end":{"line":35,"column":61}},"18":{"start":{"line":38,"column":4},"end":{"line":41,"column":6}},"19":{"start":{"line":39,"column":6},"end":{"line":39,"column":68}},"20":{"start":{"line":40,"column":6},"end":{"line":40,"column":61}},"21":{"start":{"line":44,"column":2},"end":{"line":49,"column":4}},"22":{"start":{"line":3,"column":13},"end":{"line":3,"column":25}}},"fnMap":{"0":{"name":"(anonymous_0)","decl":{"start":{"line":3,"column":25},"end":{"line":3,"column":28}},"loc":{"start":{"line":3,"column":30},"end":{"line":50,"column":1}}},"1":{"name":"(anonymous_1)","decl":{"start":{"line":7,"column":34},"end":{"line":7,"column":37}},"loc":{"start":{"line":7,"column":39},"end":{"line":9,"column":3}}},"2":{"name":"(anonymous_2)","decl":{"start":{"line":12,"column":4},"end":{"line":12,"column":5}},"loc":{"start":{"line":12,"column":26},"end":{"line":16,"column":5}}},"3":{"name":"(anonymous_3)","decl":{"start":{"line":21,"column":4},"end":{"line":21,"column":5}},"loc":{"start":{"line":21,"column":29},"end":{"line":25,"column":5}}},"4":{"name":"(anonymous_4)","decl":{"start":{"line":29,"column":12},"end":{"line":29,"column":15}},"loc":{"start":{"line":29,"column":17},"end":{"line":42,"column":3}}},"5":{"name":"(anonymous_5)","decl":{"start":{"line":38,"column":11},"end":{"line":38,"column":14}},"loc":{"start":{"line":38,"column":16},"end":{"line":41,"column":5}}}},"branchMap":{"0":{"loc":{"start":{"line":13,"column":6},"end":{"line":15,"column":7}},"type":"if","locations":[{"start":{"line":13,"column":6},"end":{"line":15,"column":7}}]},"1":{"loc":{"start":{"line":13,"column":10},"end":{"line":13,"column":76}},"type":"binary-expr","locations":[{"start":{"line":13,"column":10},"end":{"line":13,"column":25}},{"start":{"line":13,"column":29},"end":{"line":13,"column":76}}]},"2":{"loc":{"start":{"line":22,"column":6},"end":{"line":24,"column":7}},"type":"if","locations":[{"start":{"line":22,"column":6},"end":{"line":24,"column":7}}]},"3":{"loc":{"start":{"line":30,"column":4},"end":{"line":36,"column":5}},"type":"if","locations":[{"start":{"line":30,"column":4},"end":{"line":36,"column":5}},{"start":{"line":33,"column":11},"end":{"line":36,"column":5}}]}},"s":{"0":2,"1":2,"2":5,"3":5,"4":5,"5":0,"6":5,"7":0,"8":0,"9":5,"10":0,"11":0,"12":5,"13":5,"14":2,"15":2,"16":3,"17":3,"18":5,"19":5,"20":5,"21":5,"22":2},"f":{"0":5,"1":0,"2":0,"3":0,"4":5,"5":5},"b":{"0":[0],"1":[0,0],"2":[0],"3":[2,3]}}
,"/Users/kirill/dev/chat/client/src/pages/Chat/ChatBottomPart/ChatBottomPart.tsx": {"path":"/Users/kirill/dev/chat/client/src/pages/Chat/ChatBottomPart/ChatBottomPart.tsx","statementMap":{"0":{"start":{"line":1,"column":0},"end":{"line":1,"column":69}},"1":{"start":{"line":2,"column":0},"end":{"line":2,"column":62}},"2":{"start":{"line":3,"column":0},"end":{"line":3,"column":53}},"3":{"start":{"line":4,"column":0},"end":{"line":4,"column":59}},"4":{"start":{"line":5,"column":0},"end":{"line":5,"column":53}},"5":{"start":{"line":7,"column":0},"end":{"line":7,"column":null}},"6":{"start":{"line":13,"column":29},"end":{"line":26,"column":2}},"7":{"start":{"line":28,"column":30},"end":{"line":53,"column":1}},"8":{"start":{"line":29,"column":53},"end":{"line":29,"column":64}},"9":{"start":{"line":30,"column":2},"end":{"line":52,"column":4}},"10":{"start":{"line":39,"column":27},"end":{"line":39,"column":48}},"11":{"start":{"line":28,"column":13},"end":{"line":28,"column":30}}},"fnMap":{"0":{"name":"(anonymous_0)","decl":{"start":{"line":28,"column":30},"end":{"line":28,"column":33}},"loc":{"start":{"line":28,"column":35},"end":{"line":53,"column":1}}},"1":{"name":"(anonymous_1)","decl":{"start":{"line":39,"column":21},"end":{"line":39,"column":24}},"loc":{"start":{"line":39,"column":27},"end":{"line":39,"column":48}}}},"branchMap":{"0":{"loc":{"start":{"line":37,"column":19},"end":{"line":37,"column":55}},"type":"cond-expr","locations":[{"start":{"line":37,"column":34},"end":{"line":37,"column":43}},{"start":{"line":37,"column":46},"end":{"line":37,"column":55}}]},"1":{"loc":{"start":{"line":43,"column":9},"end":{"line":44,"column":null}},"type":"binary-expr","locations":[{"start":{"line":43,"column":9},"end":{"line":43,"column":21}},{"start":{"line":44,"column":10},"end":{"line":44,"column":69}}]}},"s":{"0":1,"1":1,"2":1,"3":1,"4":1,"5":1,"6":1,"7":1,"8":2,"9":2,"10":1,"11":1},"f":{"0":2,"1":1},"b":{"0":[1,1],"1":[2,1]}}
,"/Users/kirill/dev/chat/client/src/pages/Chat/ChatBottomPart/styled.ts": {"path":"/Users/kirill/dev/chat/client/src/pages/Chat/ChatBottomPart/styled.ts","statementMap":{"0":{"start":{"line":1,"column":0},"end":{"line":1,"column":50}},"1":{"start":{"line":2,"column":0},"end":{"line":2,"column":39}},"2":{"start":{"line":4,"column":13},"end":{"line":10,"column":2}},"3":{"start":{"line":12,"column":13},"end":{"line":23,"column":2}},"4":{"start":{"line":25,"column":13},"end":{"line":27,"column":2}}},"fnMap":{},"branchMap":{},"s":{"0":1,"1":1,"2":1,"3":1,"4":1},"f":{},"b":{}}
,"/Users/kirill/dev/chat/client/src/pages/Chat/ChatMembersTop/ChatMembersHeader.tsx": {"path":"/Users/kirill/dev/chat/client/src/pages/Chat/ChatMembersTop/ChatMembersHeader.tsx","statementMap":{"0":{"start":{"line":1,"column":0},"end":{"line":1,"column":51}},"1":{"start":{"line":2,"column":0},"end":{"line":2,"column":47}},"2":{"start":{"line":3,"column":0},"end":{"line":3,"column":59}},"3":{"start":{"line":4,"column":0},"end":{"line":4,"column":75}},"4":{"start":{"line":6,"column":33},"end":{"line":17,"column":1}},"5":{"start":{"line":7,"column":19},"end":{"line":7,"column":32}},"6":{"start":{"line":8,"column":2},"end":{"line":16,"column":4}},"7":{"start":{"line":10,"column":49},"end":{"line":10,"column":69}},"8":{"start":{"line":6,"column":13},"end":{"line":6,"column":33}}},"fnMap":{"0":{"name":"(anonymous_0)","decl":{"start":{"line":6,"column":33},"end":{"line":6,"column":36}},"loc":{"start":{"line":6,"column":38},"end":{"line":17,"column":1}}},"1":{"name":"(anonymous_1)","decl":{"start":{"line":10,"column":43},"end":{"line":10,"column":46}},"loc":{"start":{"line":10,"column":49},"end":{"line":10,"column":69}}}},"branchMap":{},"s":{"0":1,"1":1,"2":1,"3":1,"4":1,"5":2,"6":2,"7":1,"8":1},"f":{"0":2,"1":1},"b":{}}
,"/Users/kirill/dev/chat/client/src/pages/Chat/ChatMembersTop/styled.ts": {"path":"/Users/kirill/dev/chat/client/src/pages/Chat/ChatMembersTop/styled.ts","statementMap":{"0":{"start":{"line":1,"column":0},"end":{"line":1,"column":39}},"1":{"start":{"line":3,"column":13},"end":{"line":10,"column":2}},"2":{"start":{"line":12,"column":13},"end":{"line":24,"column":2}}},"fnMap":{},"branchMap":{},"s":{"0":1,"1":1,"2":1},"f":{},"b":{}}
,"/Users/kirill/dev/chat/client/src/utlis/testing.tsx": {"path":"/Users/kirill/dev/chat/client/src/utlis/testing.tsx","statementMap":{"0":{"start":{"line":2,"column":0},"end":{"line":2,"column":63}},"1":{"start":{"line":3,"column":0},"end":{"line":3,"column":61}},"2":{"start":{"line":5,"column":0},"end":{"line":5,"column":42}},"3":{"start":{"line":12,"column":32},"end":{"line":29,"column":1}},"4":{"start":{"line":20,"column":2},"end":{"line":28,"column":4}},"5":{"start":{"line":12,"column":13},"end":{"line":12,"column":32}}},"fnMap":{"0":{"name":"(anonymous_0)","decl":{"start":{"line":12,"column":32},"end":{"line":12,"column":null}},"loc":{"start":{"line":19,"column":4},"end":{"line":29,"column":1}}}},"branchMap":{"0":{"loc":{"start":{"line":14,"column":2},"end":{"line":18,"column":33}},"type":"default-arg","locations":[{"start":{"line":18,"column":31},"end":{"line":18,"column":33}}]},"1":{"loc":{"start":{"line":15,"column":4},"end":{"line":15,"column":15}},"type":"default-arg","locations":[{"start":{"line":15,"column":12},"end":{"line":15,"column":15}}]},"2":{"loc":{"start":{"line":16,"column":4},"end":{"line":16,"column":62}},"type":"default-arg","locations":[{"start":{"line":16,"column":14},"end":{"line":16,"column":62}}]}},"s":{"0":1,"1":1,"2":1,"3":1,"4":2,"5":1},"f":{"0":2},"b":{"0":[0],"1":[2],"2":[0]}}
}
