TN:
SF:src/components/Divider/Divider.tsx
FN:3,(anonymous_0)
FNF:1
FNH:1
FNDA:2,(anonymous_0)
DA:1,1
DA:3,1
DA:4,2
LF:3
LH:3
BRF:0
BRH:0
end_of_record
TN:
SF:src/components/Divider/styled.ts
FN:4,(anonymous_0)
FNF:1
FNH:1
FNDA:2,(anonymous_0)
DA:1,1
DA:3,1
DA:4,2
LF:3
LH:3
BRDA:4,0,0,2
BRDA:4,1,0,0
BRDA:4,1,1,2
BRF:3
BRH:2
end_of_record
TN:
SF:src/components/Menu/Menu.tsx
FN:12,(anonymous_0)
FN:15,(anonymous_1)
FNF:2
FNH:2
FNDA:1,(anonymous_0)
FNDA:3,(anonymous_1)
DA:1,1
DA:3,1
DA:4,1
DA:12,1
DA:13,1
DA:16,3
LF:6
LH:6
BRF:0
BRH:0
end_of_record
TN:
SF:src/components/Menu/MenuChildren.tsx
FN:8,(anonymous_0)
FNF:1
FNH:1
FNDA:3,(anonymous_0)
DA:2,1
DA:8,1
DA:9,3
LF:3
LH:3
BRF:0
BRH:0
end_of_record
TN:
SF:src/components/Menu/styled.ts
FN:14,(anonymous_0)
FN:15,(anonymous_1)
FN:16,(anonymous_2)
FNF:3
FNH:3
FNDA:1,(anonymous_0)
FNDA:1,(anonymous_1)
FNDA:1,(anonymous_2)
DA:1,1
DA:4,1
DA:14,1
DA:15,1
DA:16,1
DA:21,1
DA:28,1
DA:34,1
DA:43,1
LF:9
LH:9
BRDA:14,0,0,1
BRDA:14,0,1,0
BRDA:15,1,0,0
BRDA:15,1,1,1
BRDA:16,2,0,1
BRDA:16,2,1,0
BRF:6
BRH:3
end_of_record
TN:
SF:src/components/Modal/Modal.tsx
FN:22,(anonymous_0)
FNF:1
FNH:1
FNDA:1,(anonymous_0)
DA:1,1
DA:2,1
DA:22,1
DA:32,1
DA:34,1
LF:5
LH:5
BRDA:37,0,0,0
BRDA:37,0,1,1
BRDA:42,1,0,1
BRDA:42,1,1,0
BRF:4
BRH:2
end_of_record
TN:
SF:src/components/Modal/styled.ts
FNF:0
FNH:0
DA:1,1
DA:3,1
DA:19,1
DA:33,1
DA:42,1
DA:55,1
DA:65,1
LF:7
LH:7
BRF:0
BRH:0
end_of_record
TN:
SF:src/components/Search/Search.tsx
FN:15,(anonymous_0)
FN:34,(anonymous_1)
FN:35,(anonymous_2)
FNF:3
FNH:1
FNDA:5,(anonymous_0)
FNDA:0,(anonymous_1)
FNDA:0,(anonymous_2)
DA:1,2
DA:2,2
DA:15,2
DA:20,5
DA:22,5
DA:34,0
DA:35,0
LF:7
LH:5
BRDA:18,0,0,2
BRDA:24,1,0,5
BRDA:24,1,1,2
BRF:3
BRH:3
end_of_record
TN:
SF:src/components/Search/styled.ts
FN:16,(anonymous_0)
FN:18,(anonymous_1)
FN:32,(anonymous_2)
FN:38,(anonymous_3)
FNF:4
FNH:4
FNDA:2,(anonymous_0)
FNDA:2,(anonymous_1)
FNDA:5,(anonymous_2)
FNDA:5,(anonymous_3)
DA:1,2
DA:2,2
DA:6,2
DA:13,2
DA:16,2
DA:19,2
DA:27,2
DA:33,5
DA:38,5
LF:9
LH:9
BRDA:16,0,0,0
BRDA:16,0,1,2
BRDA:19,1,0,0
BRDA:19,1,1,2
BRDA:33,2,0,3
BRDA:33,2,1,2
BRDA:33,3,0,5
BRDA:33,3,1,5
BRDA:35,4,0,2
BRDA:35,4,1,0
BRDA:38,5,0,0
BRDA:38,5,1,5
BRF:12
BRH:8
end_of_record
TN:
SF:src/hooks/useDialog.tsx
FN:3,(anonymous_0)
FN:7,(anonymous_1)
FN:12,(anonymous_2)
FN:21,(anonymous_3)
FN:29,(anonymous_4)
FN:38,(anonymous_5)
FNF:6
FNH:3
FNDA:5,(anonymous_0)
FNDA:0,(anonymous_1)
FNDA:0,(anonymous_2)
FNDA:0,(anonymous_3)
FNDA:5,(anonymous_4)
FNDA:5,(anonymous_5)
DA:1,2
DA:3,2
DA:4,5
DA:5,5
DA:7,5
DA:8,0
DA:11,5
DA:13,0
DA:14,0
DA:20,5
DA:22,0
DA:23,0
DA:29,5
DA:30,5
DA:31,2
DA:32,2
DA:34,3
DA:35,3
DA:38,5
DA:39,5
DA:40,5
DA:44,5
LF:22
LH:17
BRDA:13,0,0,0
BRDA:13,1,0,0
BRDA:13,1,1,0
BRDA:22,2,0,0
BRDA:30,3,0,2
BRDA:30,3,1,3
BRF:6
BRH:2
end_of_record
TN:
SF:src/pages/Chat/ChatBottomPart/ChatBottomPart.tsx
FN:28,(anonymous_0)
FN:39,(anonymous_1)
FNF:2
FNH:2
FNDA:2,(anonymous_0)
FNDA:1,(anonymous_1)
DA:1,1
DA:2,1
DA:3,1
DA:4,1
DA:5,1
DA:7,1
DA:13,1
DA:28,1
DA:29,2
DA:30,2
DA:39,1
LF:11
LH:11
BRDA:37,0,0,1
BRDA:37,0,1,1
BRDA:43,1,0,2
BRDA:43,1,1,1
BRF:4
BRH:4
end_of_record
TN:
SF:src/pages/Chat/ChatBottomPart/styled.ts
FNF:0
FNH:0
DA:1,1
DA:2,1
DA:4,1
DA:12,1
DA:25,1
LF:5
LH:5
BRF:0
BRH:0
end_of_record
TN:
SF:src/pages/Chat/ChatMembersTop/ChatMembersHeader.tsx
FN:6,(anonymous_0)
FN:10,(anonymous_1)
FNF:2
FNH:2
FNDA:2,(anonymous_0)
FNDA:1,(anonymous_1)
DA:1,1
DA:2,1
DA:3,1
DA:4,1
DA:6,1
DA:7,2
DA:8,2
DA:10,1
LF:8
LH:8
BRF:0
BRH:0
end_of_record
TN:
SF:src/pages/Chat/ChatMembersTop/styled.ts
FNF:0
FNH:0
DA:1,1
DA:3,1
DA:12,1
LF:3
LH:3
BRF:0
BRH:0
end_of_record
TN:
SF:src/utlis/testing.tsx
FN:12,(anonymous_0)
FNF:1
FNH:1
FNDA:2,(anonymous_0)
DA:2,1
DA:3,1
DA:5,1
DA:12,1
DA:20,2
LF:5
LH:5
BRDA:14,0,0,0
BRDA:15,1,0,2
BRDA:16,2,0,0
BRF:3
BRH:1
end_of_record
